<?xml version="1.0" encoding="UTF-8"?>
<testsuite name="JUnit5ExampleTest" tests="1" skipped="0" failures="0" errors="0" timestamp="2020-10-16T08:02:12" hostname="WP-NB-KARINA-K" time="0.013">
  <properties/>
  <testcase name="justAnExample()" classname="JUnit5ExampleTest" time="0.013"/>
  <system-out><![CDATA[This test method should be run
]]></system-out>
  <system-err><![CDATA[]]></system-err>
</testsuite>
